2025-07-27 12:47:21,735 - __main__ - INFO - Listing files in directory: /home/gulab/PythonProject/MEPFAS
2025-07-27 12:47:21,735 - __main__ - INFO - Starting file collection in: /home/gulab/PythonProject/MEPFAS
2025-07-27 12:47:24,211 - __main__ - INFO - Collected 21 files from /home/gulab/PythonProject/MEPFAS
2025-07-27 12:47:53,061 - __main__ - INFO - Processing 19 selected files from /home/gulab/PythonProject/MEPFAS
2025-07-27 12:47:53,061 - __main__ - INFO - Starting parallel concatenation of 19 files
2025-07-27 12:47:53,061 - __main__ - INFO - Processing batch 1 with 2 files
2025-07-27 12:47:53,073 - __main__ - INFO - Processing batch 2 with 2 files
2025-07-27 12:47:53,083 - __main__ - INFO - Processing batch 3 with 2 files
2025-07-27 12:47:53,092 - __main__ - INFO - Processing batch 4 with 2 files
2025-07-27 12:47:53,099 - __main__ - INFO - Processing batch 5 with 2 files
2025-07-27 12:47:53,107 - __main__ - INFO - Processing batch 6 with 2 files
2025-07-27 12:47:53,114 - __main__ - INFO - Processing batch 7 with 2 files
2025-07-27 12:47:53,121 - __main__ - INFO - Processing batch 8 with 2 files
2025-07-27 12:47:53,128 - __main__ - INFO - Processing batch 9 with 2 files
2025-07-27 12:47:53,134 - __main__ - INFO - Processing batch 10 with 1 files
2025-07-27 12:47:53,141 - __main__ - INFO - Parallel concatenation completed
2025-07-27 12:47:53,142 - __main__ - INFO - Processing completed. Stats: {'total_files': 0, 'concatenated_files': 19, 'skipped_files': 0, 'errors': [], 'binary_files': 0, 'hidden_files': 0, 'processed_size': 208941, 'selected_files': 19, 'processing_method': 'parallel', 'worker_threads': 8}
2025-07-27 12:55:46,150 - __main__ - INFO - Listing files in directory: /home/gulab/PycharmProjects/concatenate
2025-07-27 12:55:46,151 - __main__ - INFO - Starting file collection in: /home/gulab/PycharmProjects/concatenate
2025-07-27 12:55:46,516 - __main__ - INFO - Collected 1 files from /home/gulab/PycharmProjects/concatenate
2025-07-27 12:56:04,016 - __main__ - INFO - Processing 1 selected files from /home/gulab/PycharmProjects/concatenate
2025-07-27 12:56:04,017 - __main__ - INFO - Starting parallel concatenation of 1 files
2025-07-27 12:56:04,017 - __main__ - INFO - Processing batch 1 with 1 files
2025-07-27 12:56:04,030 - __main__ - INFO - Parallel concatenation completed
2025-07-27 12:56:04,031 - __main__ - INFO - Processing completed. Stats: {'total_files': 0, 'concatenated_files': 1, 'skipped_files': 0, 'errors': [], 'binary_files': 0, 'hidden_files': 0, 'processed_size': 6790, 'selected_files': 1, 'processing_method': 'parallel', 'worker_threads': 8}
2025-07-27 14:40:15,439 - __main__ - INFO - Listing files in directory: /home/gulab/PycharmProjects
2025-07-27 14:40:15,439 - __main__ - INFO - Starting file collection in: /home/gulab/PycharmProjects
2025-07-27 14:40:18,252 - __main__ - INFO - Collected 219 files from /home/gulab/PycharmProjects
2025-07-27 14:40:46,055 - __main__ - INFO - Listing files in directory: /home/gulab/PycharmProjects/concatenate
2025-07-27 14:40:46,056 - __main__ - INFO - Starting file collection in: /home/gulab/PycharmProjects/concatenate
2025-07-27 14:40:46,297 - __main__ - INFO - Collected 1 files from /home/gulab/PycharmProjects/concatenate
2025-07-27 14:44:38,209 - app - INFO - Starting file collection in: /home/gulab/PythonProject/PythonProject/file_concatenator
2025-07-27 14:44:38,209 - app - INFO - Scanning all files recursively in: /home/gulab/PythonProject/PythonProject/file_concatenator
2025-07-27 14:44:38,272 - app - INFO - Collected 19 files from /home/gulab/PythonProject/PythonProject/file_concatenator
2025-07-27 14:44:48,139 - app - INFO - Starting file collection in: /home/gulab/PythonProject/PythonProject/file_concatenator
2025-07-27 14:44:48,140 - app - INFO - Scanning all files recursively in: /home/gulab/PythonProject/PythonProject/file_concatenator
2025-07-27 14:44:48,202 - app - INFO - Collected 19 files from /home/gulab/PythonProject/PythonProject/file_concatenator
2025-07-27 14:45:42,070 - app - INFO - Starting file collection in: /tmp/tmpr8vall6t
2025-07-27 14:45:42,070 - app - INFO - Scanning all files recursively in: /tmp/tmpr8vall6t
2025-07-27 14:45:42,071 - app - INFO - Collected 7 files from /tmp/tmpr8vall6t
2025-07-27 14:46:37,731 - __main__ - INFO - Listing files in directory: /home/gulab/PycharmProjects/concatenate
2025-07-27 14:46:37,731 - __main__ - INFO - Starting file collection in: /home/gulab/PycharmProjects/concatenate
2025-07-27 14:46:37,732 - __main__ - INFO - Scanning all files recursively in: /home/gulab/PycharmProjects/concatenate
2025-07-27 14:46:37,862 - __main__ - INFO - Collected 8 files from /home/gulab/PycharmProjects/concatenate
2025-07-27 14:46:46,945 - __main__ - INFO - Processing 8 selected files from /home/gulab/PycharmProjects/concatenate
2025-07-27 14:46:46,946 - __main__ - INFO - Starting parallel concatenation of 8 files
2025-07-27 14:46:46,946 - __main__ - INFO - Processing batch 1 with 1 files
2025-07-27 14:46:46,956 - __main__ - INFO - Processing batch 2 with 1 files
2025-07-27 14:46:46,966 - __main__ - INFO - Processing batch 3 with 1 files
2025-07-27 14:46:46,972 - __main__ - INFO - Processing batch 4 with 1 files
2025-07-27 14:46:46,978 - __main__ - INFO - Processing batch 5 with 1 files
2025-07-27 14:46:46,984 - __main__ - INFO - Processing batch 6 with 1 files
2025-07-27 14:46:46,990 - __main__ - INFO - Processing batch 7 with 1 files
2025-07-27 14:46:46,996 - __main__ - INFO - Processing batch 8 with 1 files
2025-07-27 14:46:47,003 - __main__ - INFO - Parallel concatenation completed
2025-07-27 14:46:47,003 - __main__ - INFO - Processing completed. Stats: {'total_files': 0, 'concatenated_files': 8, 'skipped_files': 0, 'errors': [], 'binary_files': 0, 'hidden_files': 0, 'processed_size': 17082, 'selected_files': 8, 'processing_method': 'parallel', 'worker_threads': 8}
